{"contracts/interfaces/IWeb3Gas.sol":{"l":{},"path":"/home/shen/git/web3door-contract/contracts/interfaces/IWeb3Gas.sol","s":{},"b":{},"f":{},"fnMap":{},"statementMap":{},"branchMap":{}},"contracts/interfaces/IWeb3GasV2.sol":{"l":{},"path":"/home/shen/git/web3door-contract/contracts/interfaces/IWeb3GasV2.sol","s":{},"b":{},"f":{},"fnMap":{},"statementMap":{},"branchMap":{}},"contracts/interfaces/IWeb3NFT.sol":{"l":{},"path":"/home/shen/git/web3door-contract/contracts/interfaces/IWeb3NFT.sol","s":{},"b":{},"f":{},"fnMap":{},"statementMap":{},"branchMap":{}},"contracts/test/ERC20_TEST.sol":{"l":{"8":6},"path":"/home/shen/git/web3door-contract/contracts/test/ERC20_TEST.sol","s":{"1":6},"b":{},"f":{"1":6},"fnMap":{"1":{"name":"constructor","line":7,"loc":{"start":{"line":7,"column":4},"end":{"line":9,"column":4}}}},"statementMap":{"1":{"start":{"line":8,"column":8},"end":{"line":8,"column":46}}},"branchMap":{}},"contracts/upgradeable/Web3Gas.sol":{"l":{"42":18,"43":18,"44":18,"45":18,"46":18,"47":18,"48":18,"49":18,"50":18,"56":18,"57":11,"65":23,"69":0,"70":0,"72":0,"76":12,"90":15,"91":14,"92":13,"98":13,"99":12,"100":12,"101":12,"102":12,"108":1,"112":1,"116":1,"120":1,"124":1,"132":1},"path":"/home/shen/git/web3door-contract/contracts/upgradeable/Web3Gas.sol","s":{"1":18,"2":18,"3":18,"4":18,"5":18,"6":18,"7":18,"8":18,"9":18,"10":18,"11":23,"12":0,"13":0,"14":0,"15":12,"16":15,"17":14,"18":13,"19":13,"20":12,"21":12,"22":12,"23":12,"24":1,"25":1,"26":1,"27":1,"28":1,"29":1},"b":{"1":[11,7],"2":[0,0],"3":[14,1],"4":[13,1],"5":[12,1]},"f":{"1":3,"2":18,"3":18,"4":5,"5":23,"6":0,"7":12,"8":15,"9":1,"10":1,"11":1,"12":1,"13":1,"14":1},"fnMap":{"1":{"name":"constructor","line":39,"loc":{"start":{"line":39,"column":4},"end":{"line":39,"column":31}}},"2":{"name":"initialize","line":41,"loc":{"start":{"line":41,"column":4},"end":{"line":51,"column":4}}},"3":{"name":"_onlyAdmin","line":55,"loc":{"start":{"line":55,"column":4},"end":{"line":58,"column":4}}},"4":{"name":"_authorizeUpgrade","line":60,"loc":{"start":{"line":60,"column":4},"end":{"line":60,"column":75}}},"5":{"name":"implementationVersion","line":64,"loc":{"start":{"line":64,"column":4},"end":{"line":66,"column":4}}},"6":{"name":"claimStartBlock","line":68,"loc":{"start":{"line":68,"column":4},"end":{"line":73,"column":4}}},"7":{"name":"predictToken","line":75,"loc":{"start":{"line":75,"column":4},"end":{"line":77,"column":4}}},"8":{"name":"claim","line":89,"loc":{"start":{"line":81,"column":4},"end":{"line":103,"column":4}}},"9":{"name":"setClaimSigner","line":107,"loc":{"start":{"line":107,"column":4},"end":{"line":109,"column":4}}},"10":{"name":"setEffectBlock","line":111,"loc":{"start":{"line":111,"column":4},"end":{"line":113,"column":4}}},"11":{"name":"setGasMul","line":115,"loc":{"start":{"line":115,"column":4},"end":{"line":117,"column":4}}},"12":{"name":"pause","line":119,"loc":{"start":{"line":119,"column":4},"end":{"line":121,"column":4}}},"13":{"name":"unpause","line":123,"loc":{"start":{"line":123,"column":4},"end":{"line":125,"column":4}}},"14":{"name":"transferAnyERC20Token","line":131,"loc":{"start":{"line":127,"column":4},"end":{"line":133,"column":4}}}},"statementMap":{"1":{"start":{"line":42,"column":8},"end":{"line":42,"column":37}},"2":{"start":{"line":43,"column":8},"end":{"line":43,"column":63}},"3":{"start":{"line":44,"column":8},"end":{"line":44,"column":24}},"4":{"start":{"line":45,"column":8},"end":{"line":45,"column":29}},"5":{"start":{"line":46,"column":8},"end":{"line":46,"column":31}},"6":{"start":{"line":47,"column":8},"end":{"line":47,"column":51}},"7":{"start":{"line":48,"column":8},"end":{"line":48,"column":35}},"8":{"start":{"line":49,"column":8},"end":{"line":49,"column":43}},"9":{"start":{"line":50,"column":8},"end":{"line":50,"column":21}},"10":{"start":{"line":56,"column":8},"end":{"line":56,"column":94}},"11":{"start":{"line":65,"column":8},"end":{"line":65,"column":22}},"12":{"start":{"line":69,"column":8},"end":{"line":69,"column":2556}},"13":{"start":{"line":70,"column":12},"end":{"line":70,"column":40}},"14":{"start":{"line":72,"column":8},"end":{"line":72,"column":44}},"15":{"start":{"line":76,"column":8},"end":{"line":76,"column":36}},"16":{"start":{"line":90,"column":8},"end":{"line":90,"column":79}},"17":{"start":{"line":91,"column":8},"end":{"line":91,"column":98}},"18":{"start":{"line":92,"column":8},"end":{"line":92,"column":3333}},"19":{"start":{"line":98,"column":8},"end":{"line":98,"column":65}},"20":{"start":{"line":99,"column":8},"end":{"line":99,"column":53}},"21":{"start":{"line":100,"column":8},"end":{"line":100,"column":34}},"22":{"start":{"line":101,"column":8},"end":{"line":101,"column":39}},"23":{"start":{"line":102,"column":8},"end":{"line":102,"column":44}},"24":{"start":{"line":108,"column":8},"end":{"line":108,"column":35}},"25":{"start":{"line":112,"column":8},"end":{"line":112,"column":35}},"26":{"start":{"line":116,"column":8},"end":{"line":116,"column":25}},"27":{"start":{"line":120,"column":8},"end":{"line":120,"column":15}},"28":{"start":{"line":124,"column":8},"end":{"line":124,"column":17}},"29":{"start":{"line":132,"column":8},"end":{"line":132,"column":56}}},"branchMap":{"1":{"line":56,"type":"if","locations":[{"start":{"line":56,"column":8},"end":{"line":56,"column":8}},{"start":{"line":56,"column":8},"end":{"line":56,"column":8}}]},"2":{"line":69,"type":"if","locations":[{"start":{"line":69,"column":8},"end":{"line":69,"column":8}},{"start":{"line":69,"column":8},"end":{"line":69,"column":8}}]},"3":{"line":90,"type":"if","locations":[{"start":{"line":90,"column":8},"end":{"line":90,"column":8}},{"start":{"line":90,"column":8},"end":{"line":90,"column":8}}]},"4":{"line":91,"type":"if","locations":[{"start":{"line":91,"column":8},"end":{"line":91,"column":8}},{"start":{"line":91,"column":8},"end":{"line":91,"column":8}}]},"5":{"line":98,"type":"if","locations":[{"start":{"line":98,"column":8},"end":{"line":98,"column":8}},{"start":{"line":98,"column":8},"end":{"line":98,"column":8}}]}}},"contracts/upgradeable/Web3GasV2.sol":{"l":{"50":0,"51":0,"52":0,"53":0,"54":0,"55":0,"56":0,"57":0,"58":0,"64":24,"65":17,"73":5,"77":0,"78":0,"80":0,"84":13,"99":16,"100":15,"101":14,"107":14,"108":13,"109":13,"110":13,"111":13,"112":13,"113":13,"114":0,"116":13,"117":13,"118":13,"119":13,"120":12,"126":1,"130":1,"134":1,"138":3,"146":3,"147":3,"148":3,"152":1,"156":1,"164":1},"path":"/home/shen/git/web3door-contract/contracts/upgradeable/Web3GasV2.sol","s":{"1":0,"2":0,"3":0,"4":0,"5":0,"6":0,"7":0,"8":0,"9":0,"10":24,"11":5,"12":0,"13":0,"14":0,"15":13,"16":16,"17":15,"18":14,"19":14,"20":13,"21":13,"22":13,"23":13,"24":13,"25":13,"26":0,"27":13,"28":13,"29":13,"30":13,"31":12,"32":1,"33":1,"34":1,"35":3,"36":3,"37":3,"38":3,"39":1,"40":1,"41":1},"b":{"1":[17,7],"2":[0,0],"3":[15,1],"4":[14,1],"5":[13,1],"6":[0,13]},"f":{"1":3,"2":0,"3":24,"4":5,"5":5,"6":0,"7":13,"8":16,"9":1,"10":1,"11":1,"12":3,"13":3,"14":1,"15":1,"16":1},"fnMap":{"1":{"name":"constructor","line":47,"loc":{"start":{"line":47,"column":4},"end":{"line":47,"column":31}}},"2":{"name":"initialize","line":49,"loc":{"start":{"line":49,"column":4},"end":{"line":59,"column":4}}},"3":{"name":"_onlyAdmin","line":63,"loc":{"start":{"line":63,"column":4},"end":{"line":66,"column":4}}},"4":{"name":"_authorizeUpgrade","line":68,"loc":{"start":{"line":68,"column":4},"end":{"line":68,"column":75}}},"5":{"name":"implementationVersion","line":72,"loc":{"start":{"line":72,"column":4},"end":{"line":74,"column":4}}},"6":{"name":"claimStartBlock","line":76,"loc":{"start":{"line":76,"column":4},"end":{"line":81,"column":4}}},"7":{"name":"predictToken","line":83,"loc":{"start":{"line":83,"column":4},"end":{"line":85,"column":4}}},"8":{"name":"claim","line":98,"loc":{"start":{"line":89,"column":4},"end":{"line":121,"column":4}}},"9":{"name":"setClaimSigner","line":125,"loc":{"start":{"line":125,"column":4},"end":{"line":127,"column":4}}},"10":{"name":"setEffectBlock","line":129,"loc":{"start":{"line":129,"column":4},"end":{"line":131,"column":4}}},"11":{"name":"setGasMul","line":133,"loc":{"start":{"line":133,"column":4},"end":{"line":135,"column":4}}},"12":{"name":"setFunder","line":137,"loc":{"start":{"line":137,"column":4},"end":{"line":139,"column":4}}},"13":{"name":"setShare","line":145,"loc":{"start":{"line":141,"column":4},"end":{"line":149,"column":4}}},"14":{"name":"pause","line":151,"loc":{"start":{"line":151,"column":4},"end":{"line":153,"column":4}}},"15":{"name":"unpause","line":155,"loc":{"start":{"line":155,"column":4},"end":{"line":157,"column":4}}},"16":{"name":"transferAnyERC20Token","line":163,"loc":{"start":{"line":159,"column":4},"end":{"line":165,"column":4}}}},"statementMap":{"1":{"start":{"line":50,"column":8},"end":{"line":50,"column":37}},"2":{"start":{"line":51,"column":8},"end":{"line":51,"column":63}},"3":{"start":{"line":52,"column":8},"end":{"line":52,"column":24}},"4":{"start":{"line":53,"column":8},"end":{"line":53,"column":29}},"5":{"start":{"line":54,"column":8},"end":{"line":54,"column":31}},"6":{"start":{"line":55,"column":8},"end":{"line":55,"column":51}},"7":{"start":{"line":56,"column":8},"end":{"line":56,"column":35}},"8":{"start":{"line":57,"column":8},"end":{"line":57,"column":43}},"9":{"start":{"line":58,"column":8},"end":{"line":58,"column":21}},"10":{"start":{"line":64,"column":8},"end":{"line":64,"column":94}},"11":{"start":{"line":73,"column":8},"end":{"line":73,"column":22}},"12":{"start":{"line":77,"column":8},"end":{"line":77,"column":2686}},"13":{"start":{"line":78,"column":12},"end":{"line":78,"column":40}},"14":{"start":{"line":80,"column":8},"end":{"line":80,"column":44}},"15":{"start":{"line":84,"column":8},"end":{"line":84,"column":36}},"16":{"start":{"line":99,"column":8},"end":{"line":99,"column":79}},"17":{"start":{"line":100,"column":8},"end":{"line":100,"column":98}},"18":{"start":{"line":101,"column":8},"end":{"line":101,"column":3486}},"19":{"start":{"line":107,"column":8},"end":{"line":107,"column":65}},"20":{"start":{"line":108,"column":8},"end":{"line":108,"column":44}},"21":{"start":{"line":109,"column":8},"end":{"line":109,"column":53}},"22":{"start":{"line":110,"column":8},"end":{"line":110,"column":34}},"23":{"start":{"line":111,"column":8},"end":{"line":111,"column":66}},"24":{"start":{"line":112,"column":8},"end":{"line":112,"column":72}},"25":{"start":{"line":113,"column":8},"end":{"line":113,"column":4051}},"26":{"start":{"line":114,"column":12},"end":{"line":114,"column":25}},"27":{"start":{"line":116,"column":8},"end":{"line":116,"column":32}},"28":{"start":{"line":117,"column":8},"end":{"line":117,"column":51}},"29":{"start":{"line":118,"column":8},"end":{"line":118,"column":74}},"30":{"start":{"line":119,"column":8},"end":{"line":119,"column":34}},"31":{"start":{"line":120,"column":8},"end":{"line":120,"column":54}},"32":{"start":{"line":126,"column":8},"end":{"line":126,"column":35}},"33":{"start":{"line":130,"column":8},"end":{"line":130,"column":35}},"34":{"start":{"line":134,"column":8},"end":{"line":134,"column":25}},"35":{"start":{"line":138,"column":8},"end":{"line":138,"column":25}},"36":{"start":{"line":146,"column":8},"end":{"line":146,"column":33}},"37":{"start":{"line":147,"column":8},"end":{"line":147,"column":35}},"38":{"start":{"line":148,"column":8},"end":{"line":148,"column":31}},"39":{"start":{"line":152,"column":8},"end":{"line":152,"column":15}},"40":{"start":{"line":156,"column":8},"end":{"line":156,"column":17}},"41":{"start":{"line":164,"column":8},"end":{"line":164,"column":56}}},"branchMap":{"1":{"line":64,"type":"if","locations":[{"start":{"line":64,"column":8},"end":{"line":64,"column":8}},{"start":{"line":64,"column":8},"end":{"line":64,"column":8}}]},"2":{"line":77,"type":"if","locations":[{"start":{"line":77,"column":8},"end":{"line":77,"column":8}},{"start":{"line":77,"column":8},"end":{"line":77,"column":8}}]},"3":{"line":99,"type":"if","locations":[{"start":{"line":99,"column":8},"end":{"line":99,"column":8}},{"start":{"line":99,"column":8},"end":{"line":99,"column":8}}]},"4":{"line":100,"type":"if","locations":[{"start":{"line":100,"column":8},"end":{"line":100,"column":8}},{"start":{"line":100,"column":8},"end":{"line":100,"column":8}}]},"5":{"line":107,"type":"if","locations":[{"start":{"line":107,"column":8},"end":{"line":107,"column":8}},{"start":{"line":107,"column":8},"end":{"line":107,"column":8}}]},"6":{"line":113,"type":"if","locations":[{"start":{"line":113,"column":8},"end":{"line":113,"column":8}},{"start":{"line":113,"column":8},"end":{"line":113,"column":8}}]}}},"contracts/upgradeable/Web3NFT.sol":{"l":{},"path":"/home/shen/git/web3door-contract/contracts/upgradeable/Web3NFT.sol","s":{},"b":{},"f":{},"fnMap":{},"statementMap":{},"branchMap":{}}}